Copyright 1986-2017 Xilinx, Inc. All Rights Reserved.
--------------------------------------------------------------------------------------------------------------------------------------------------------------------------------
| Tool Version : Vivado v.2017.4 (win64) Build 2086221 Fri Dec 15 20:55:39 MST 2017
| Date         : Fri Aug 16 08:59:16 2019
| Host         : Masterzj running 64-bit Service Pack 1  (build 7601)
| Command      : report_methodology -file LedRun_wrapper_methodology_drc_routed.rpt -pb LedRun_wrapper_methodology_drc_routed.pb -rpx LedRun_wrapper_methodology_drc_routed.rpx
| Design       : LedRun_wrapper
| Device       : xc7k325tffg900-2
| Speed File   : -2
| Design State : Routed
--------------------------------------------------------------------------------------------------------------------------------------------------------------------------------

Report Methodology

Table of Contents
-----------------
1. REPORT SUMMARY
2. REPORT DETAILS

1. REPORT SUMMARY
-----------------
            Netlist: netlist
          Floorplan: design_1
      Design limits: <entire design considered>
             Max violations: <unlimited>
             Violations found: 3
+----------+----------+-------------------------------------------------+------------+
| Rule     | Severity | Description                                     | Violations |
+----------+----------+-------------------------------------------------+------------+
| PDRC-190 | Warning  | Suboptimally placed synchronized register chain | 2          |
| TIMING-9 | Warning  | Unknown CDC Logic                               | 1          |
+----------+----------+-------------------------------------------------+------------+

2. REPORT DETAILS
-----------------
PDRC-190#1 Warning
Suboptimally placed synchronized register chain  
The FDRE cell LedRun_i/axi_hwicap_0/U0/ICAP_NOT_SHARED.HWICAP_CTRL_I/IPIC_IF_I/RD_FIFO.RDDATA_FIFO_I/lib_fifo_instance.USE_2N_DEPTH.V6_S6_AND_LATER.I_ASYNC_FIFO_BRAM/inst_fifo_gen/gconvfifo.rf/grf.rf/rstblk/grstd1.grst_full.grst_f.rst_d2_reg in site SLICE_X20Y115 is part of a synchronized register chain that is suboptimally placed as the load FDSE cell LedRun_i/axi_hwicap_0/U0/ICAP_NOT_SHARED.HWICAP_CTRL_I/IPIC_IF_I/RD_FIFO.RDDATA_FIFO_I/lib_fifo_instance.USE_2N_DEPTH.V6_S6_AND_LATER.I_ASYNC_FIFO_BRAM/inst_fifo_gen/gconvfifo.rf/grf.rf/rstblk/grstd1.grst_full.grst_f.rst_d3_reg is not placed in the same (SLICE) site.
Related violations: <none>

PDRC-190#2 Warning
Suboptimally placed synchronized register chain  
The FDRE cell LedRun_i/axi_hwicap_0/U0/ICAP_NOT_SHARED.HWICAP_CTRL_I/IPIC_IF_I/WRFIFO.WRDATA_FIFO_I/lib_fifo_instance.USE_2N_DEPTH.V6_S6_AND_LATER.I_ASYNC_FIFO_BRAM/inst_fifo_gen/gconvfifo.rf/grf.rf/rstblk/grstd1.grst_full.grst_f.rst_d2_reg in site SLICE_X47Y123 is part of a synchronized register chain that is suboptimally placed as the load FDSE cell LedRun_i/axi_hwicap_0/U0/ICAP_NOT_SHARED.HWICAP_CTRL_I/IPIC_IF_I/WRFIFO.WRDATA_FIFO_I/lib_fifo_instance.USE_2N_DEPTH.V6_S6_AND_LATER.I_ASYNC_FIFO_BRAM/inst_fifo_gen/gconvfifo.rf/grf.rf/rstblk/grstd1.grst_full.grst_f.rst_d3_reg is not placed in the same (SLICE) site.
Related violations: <none>

TIMING-9#1 Warning
Unknown CDC Logic  
One or more asynchronous Clock Domain Crossing has been detected between 2 clock domains through a set_false_path or a set_clock_groups or set_max_delay -datapath_only constraint but no double-registers logic synchronizer has been found on the side of the capture clock. It is recommended to run report_cdc for a complete and detailed CDC coverage. Please consider using XPM_CDC to avoid Critical severities
Related violations: <none>


